c:\users\darya\work\osio\курсач\proga1\projectkur\debug\vc142.pdb
c:\users\darya\work\osio\курсач\proga1\projectkur\debug\.netframework,version=v4.8.assemblyattributes.obj
c:\users\darya\work\osio\курсач\proga1\projectkur\debug\form2.obj
c:\users\darya\work\osio\курсач\proga1\projectkur\debug\form1.obj
c:\users\darya\work\osio\курсач\proga1\projectkur\debug\form3.obj
c:\users\darya\work\osio\курсач\proga1\projectkur\debug\projectkur.exe
c:\users\darya\work\osio\курсач\proga1\projectkur\debug\projectkur.pdb
c:\users\darya\work\osio\курсач\proga1\projectkur\debug\projectkur.form1.resources
c:\users\darya\work\osio\курсач\proga1\projectkur\debug\projectkur.form2.resources
c:\users\darya\work\osio\курсач\proga1\projectkur\debug\projectkur.form3.resources
c:\users\darya\work\osio\курсач\proga1\projectkur\debug\projectkur.exe.metagen
c:\users\darya\work\osio\курсач\proga1\projectkur\debug\projectkur.tlog\cl.command.1.tlog
c:\users\darya\work\osio\курсач\proga1\projectkur\debug\projectkur.tlog\cl.read.1.tlog
c:\users\darya\work\osio\курсач\proga1\projectkur\debug\projectkur.tlog\cl.write.1.tlog
c:\users\darya\work\osio\курсач\proga1\projectkur\debug\projectkur.tlog\link.command.1.tlog
c:\users\darya\work\osio\курсач\proga1\projectkur\debug\projectkur.tlog\link.read.1.tlog
c:\users\darya\work\osio\курсач\proga1\projectkur\debug\projectkur.tlog\link.write.1.tlog
c:\users\darya\work\osio\курсач\proga1\projectkur\debug\projectkur.tlog\metagen.read.1.tlog
c:\users\darya\work\osio\курсач\proga1\projectkur\debug\projectkur.tlog\metagen.write.1.tlog
c:\users\darya\work\osio\курсач\proga1\projectkur\debug\projectkur.tlog\projectkur.write.1u.tlog
